2018-09-11 16:02:52,978 INFO 5313 [egg:logger] init all loggers with options: {"dir":"/Users/monkey/Desktop/emma/logs/emma","encoding":"utf8","env":"local","level":"INFO","consoleLevel":"INFO","disableConsoleAfterReady":false,"outputJSON":false,"buffer":true,"appLogName":"emma-web.log","coreLogName":"egg-web.log","agentLogName":"egg-agent.log","errorLogName":"common-error.log","coreLogger":{"consoleLevel":"WARN"},"allowDebugAtProd":false,"type":"application"}
2018-09-11 16:02:53,011 INFO 5313 [egg-schedule]: register schedule /Users/monkey/Desktop/emma/node_modules/_egg-logrotator@3.0.3@egg-logrotator/app/schedule/clean_log.js
2018-09-11 16:02:53,011 INFO 5313 [egg-schedule]: register schedule /Users/monkey/Desktop/emma/node_modules/_egg-logrotator@3.0.3@egg-logrotator/app/schedule/rotate_by_file.js
2018-09-11 16:02:53,073 INFO 5313 [egg-static] starting static serve /public/ -> /Users/monkey/Desktop/emma/app/public
2018-09-11 16:02:53,075 INFO 5313 [egg-security] use csrf middleware
2018-09-11 16:02:53,076 INFO 5313 [egg-security] use methodnoallow middleware
2018-09-11 16:02:53,076 INFO 5313 [egg-security] use noopen middleware
2018-09-11 16:02:53,077 INFO 5313 [egg-security] use nosniff middleware
2018-09-11 16:02:53,078 INFO 5313 [egg-security] use xssProtection middleware
2018-09-11 16:02:53,078 INFO 5313 [egg-security] use xframe middleware
2018-09-11 16:02:53,079 INFO 5313 [egg-security] use dta middleware
2018-09-11 16:02:53,079 INFO 5313 [egg-security] compose 7 middlewares into one security middleware
2018-09-11 16:02:53,089 INFO 5313 [egg:core] dump config after load, 7ms
2018-09-11 16:02:53,104 INFO 5313 [egg-watcher:app] watcher start success
2018-09-11 16:02:53,108 INFO 5313 [egg:core] dump config after ready, 3ms
2018-09-11 16:05:08,505 INFO 5373 [egg:logger] init all loggers with options: {"dir":"/Users/monkey/Desktop/emma/logs/emma","encoding":"utf8","env":"local","level":"INFO","consoleLevel":"INFO","disableConsoleAfterReady":false,"outputJSON":false,"buffer":true,"appLogName":"emma-web.log","coreLogName":"egg-web.log","agentLogName":"egg-agent.log","errorLogName":"common-error.log","coreLogger":{"consoleLevel":"WARN"},"allowDebugAtProd":false,"type":"application"}
2018-09-11 16:05:08,550 INFO 5373 [egg-schedule]: register schedule /Users/monkey/Desktop/emma/node_modules/_egg-logrotator@3.0.3@egg-logrotator/app/schedule/clean_log.js
2018-09-11 16:05:08,550 INFO 5373 [egg-schedule]: register schedule /Users/monkey/Desktop/emma/node_modules/_egg-logrotator@3.0.3@egg-logrotator/app/schedule/rotate_by_file.js
2018-09-11 16:05:08,616 INFO 5373 [egg-static] starting static serve /public/ -> /Users/monkey/Desktop/emma/app/public
2018-09-11 16:05:08,619 INFO 5373 [egg-security] use csrf middleware
2018-09-11 16:05:08,620 INFO 5373 [egg-security] use methodnoallow middleware
2018-09-11 16:05:08,621 INFO 5373 [egg-security] use noopen middleware
2018-09-11 16:05:08,622 INFO 5373 [egg-security] use nosniff middleware
2018-09-11 16:05:08,622 INFO 5373 [egg-security] use xssProtection middleware
2018-09-11 16:05:08,623 INFO 5373 [egg-security] use xframe middleware
2018-09-11 16:05:08,623 INFO 5373 [egg-security] use dta middleware
2018-09-11 16:05:08,623 INFO 5373 [egg-security] compose 7 middlewares into one security middleware
2018-09-11 16:05:08,634 INFO 5373 [egg:core] dump config after load, 6ms
2018-09-11 16:05:08,652 INFO 5373 [egg-watcher:app] watcher start success
2018-09-11 16:05:08,657 INFO 5373 [egg:core] dump config after ready, 3ms
2018-09-11 16:05:14,411 INFO 5381 [egg:logger] init all loggers with options: {"dir":"/Users/monkey/Desktop/emma/logs/emma","encoding":"utf8","env":"local","level":"INFO","consoleLevel":"INFO","disableConsoleAfterReady":false,"outputJSON":false,"buffer":true,"appLogName":"emma-web.log","coreLogName":"egg-web.log","agentLogName":"egg-agent.log","errorLogName":"common-error.log","coreLogger":{"consoleLevel":"WARN"},"allowDebugAtProd":false,"type":"application"}
2018-09-11 16:05:14,454 INFO 5381 [egg-schedule]: register schedule /Users/monkey/Desktop/emma/node_modules/_egg-logrotator@3.0.3@egg-logrotator/app/schedule/clean_log.js
2018-09-11 16:05:14,454 INFO 5381 [egg-schedule]: register schedule /Users/monkey/Desktop/emma/node_modules/_egg-logrotator@3.0.3@egg-logrotator/app/schedule/rotate_by_file.js
2018-09-11 16:05:14,520 INFO 5381 [egg-static] starting static serve /public/ -> /Users/monkey/Desktop/emma/app/public
2018-09-11 16:05:14,522 INFO 5381 [egg-security] use csrf middleware
2018-09-11 16:05:14,523 INFO 5381 [egg-security] use methodnoallow middleware
2018-09-11 16:05:14,524 INFO 5381 [egg-security] use noopen middleware
2018-09-11 16:05:14,525 INFO 5381 [egg-security] use nosniff middleware
2018-09-11 16:05:14,526 INFO 5381 [egg-security] use xssProtection middleware
2018-09-11 16:05:14,527 INFO 5381 [egg-security] use xframe middleware
2018-09-11 16:05:14,528 INFO 5381 [egg-security] use dta middleware
2018-09-11 16:05:14,528 INFO 5381 [egg-security] compose 7 middlewares into one security middleware
2018-09-11 16:05:14,537 INFO 5381 [egg:core] dump config after load, 5ms
2018-09-11 16:05:14,553 INFO 5381 [egg-watcher:app] watcher start success
2018-09-11 16:05:14,557 INFO 5381 [egg:core] dump config after ready, 3ms
2018-09-11 16:06:08,065 INFO 5411 [egg:logger] init all loggers with options: {"dir":"/Users/monkey/Desktop/emma/logs/emma","encoding":"utf8","env":"local","level":"INFO","consoleLevel":"INFO","disableConsoleAfterReady":false,"outputJSON":false,"buffer":true,"appLogName":"emma-web.log","coreLogName":"egg-web.log","agentLogName":"egg-agent.log","errorLogName":"common-error.log","coreLogger":{"consoleLevel":"WARN"},"allowDebugAtProd":false,"type":"application"}
2018-09-11 16:06:08,117 INFO 5411 [egg-schedule]: register schedule /Users/monkey/Desktop/emma/node_modules/_egg-logrotator@3.0.3@egg-logrotator/app/schedule/clean_log.js
2018-09-11 16:06:08,117 INFO 5411 [egg-schedule]: register schedule /Users/monkey/Desktop/emma/node_modules/_egg-logrotator@3.0.3@egg-logrotator/app/schedule/rotate_by_file.js
2018-09-11 16:06:08,191 INFO 5411 [egg-static] starting static serve /public/ -> /Users/monkey/Desktop/emma/app/public
2018-09-11 16:06:08,193 INFO 5411 [egg-security] use csrf middleware
2018-09-11 16:06:08,194 INFO 5411 [egg-security] use methodnoallow middleware
2018-09-11 16:06:08,195 INFO 5411 [egg-security] use noopen middleware
2018-09-11 16:06:08,196 INFO 5411 [egg-security] use nosniff middleware
2018-09-11 16:06:08,196 INFO 5411 [egg-security] use xssProtection middleware
2018-09-11 16:06:08,196 INFO 5411 [egg-security] use xframe middleware
2018-09-11 16:06:08,197 INFO 5411 [egg-security] use dta middleware
2018-09-11 16:06:08,197 INFO 5411 [egg-security] compose 7 middlewares into one security middleware
2018-09-11 16:06:08,206 INFO 5411 [egg:core] dump config after load, 5ms
2018-09-11 16:06:08,220 INFO 5411 [egg-watcher:app] watcher start success
2018-09-11 16:06:08,225 INFO 5411 [egg:core] dump config after ready, 3ms
2018-09-11 16:06:39,033 INFO 5426 [egg:logger] init all loggers with options: {"dir":"/Users/monkey/Desktop/emma/logs/emma","encoding":"utf8","env":"local","level":"INFO","consoleLevel":"INFO","disableConsoleAfterReady":false,"outputJSON":false,"buffer":true,"appLogName":"emma-web.log","coreLogName":"egg-web.log","agentLogName":"egg-agent.log","errorLogName":"common-error.log","coreLogger":{"consoleLevel":"WARN"},"allowDebugAtProd":false,"type":"application"}
2018-09-11 16:06:39,071 INFO 5426 [egg-schedule]: register schedule /Users/monkey/Desktop/emma/node_modules/_egg-logrotator@3.0.3@egg-logrotator/app/schedule/clean_log.js
2018-09-11 16:06:39,071 INFO 5426 [egg-schedule]: register schedule /Users/monkey/Desktop/emma/node_modules/_egg-logrotator@3.0.3@egg-logrotator/app/schedule/rotate_by_file.js
2018-09-11 16:06:39,160 INFO 5426 [egg-static] starting static serve /public/ -> /Users/monkey/Desktop/emma/app/public
2018-09-11 16:06:39,163 INFO 5426 [egg-security] use csrf middleware
2018-09-11 16:06:39,164 INFO 5426 [egg-security] use methodnoallow middleware
2018-09-11 16:06:39,164 INFO 5426 [egg-security] use noopen middleware
2018-09-11 16:06:39,165 INFO 5426 [egg-security] use nosniff middleware
2018-09-11 16:06:39,166 INFO 5426 [egg-security] use xssProtection middleware
2018-09-11 16:06:39,166 INFO 5426 [egg-security] use xframe middleware
2018-09-11 16:06:39,167 INFO 5426 [egg-security] use dta middleware
2018-09-11 16:06:39,167 INFO 5426 [egg-security] compose 7 middlewares into one security middleware
2018-09-11 16:06:39,174 INFO 5426 [egg:core] dump config after load, 5ms
2018-09-11 16:06:39,189 INFO 5426 [egg-watcher:app] watcher start success
2018-09-11 16:06:39,192 INFO 5426 [egg:core] dump config after ready, 2ms
2018-09-11 16:07:59,809 INFO 5470 [egg:logger] init all loggers with options: {"dir":"/Users/monkey/Desktop/emma/logs/emma","encoding":"utf8","env":"local","level":"INFO","consoleLevel":"INFO","disableConsoleAfterReady":false,"outputJSON":false,"buffer":true,"appLogName":"emma-web.log","coreLogName":"egg-web.log","agentLogName":"egg-agent.log","errorLogName":"common-error.log","coreLogger":{"consoleLevel":"WARN"},"allowDebugAtProd":false,"type":"application"}
2018-09-11 16:07:59,851 INFO 5470 [egg-schedule]: register schedule /Users/monkey/Desktop/emma/node_modules/_egg-logrotator@3.0.3@egg-logrotator/app/schedule/clean_log.js
2018-09-11 16:07:59,851 INFO 5470 [egg-schedule]: register schedule /Users/monkey/Desktop/emma/node_modules/_egg-logrotator@3.0.3@egg-logrotator/app/schedule/rotate_by_file.js
2018-09-11 16:07:59,928 INFO 5470 [egg-static] starting static serve /public/ -> /Users/monkey/Desktop/emma/app/public
2018-09-11 16:07:59,931 INFO 5470 [egg-security] use csrf middleware
2018-09-11 16:07:59,932 INFO 5470 [egg-security] use methodnoallow middleware
2018-09-11 16:07:59,933 INFO 5470 [egg-security] use noopen middleware
2018-09-11 16:07:59,934 INFO 5470 [egg-security] use nosniff middleware
2018-09-11 16:07:59,935 INFO 5470 [egg-security] use xssProtection middleware
2018-09-11 16:07:59,936 INFO 5470 [egg-security] use xframe middleware
2018-09-11 16:07:59,937 INFO 5470 [egg-security] use dta middleware
2018-09-11 16:07:59,937 INFO 5470 [egg-security] compose 7 middlewares into one security middleware
2018-09-11 16:07:59,949 INFO 5470 [egg:core] dump config after load, 7ms
2018-09-11 16:07:59,961 INFO 5470 [egg-watcher:app] watcher start success
2018-09-11 16:07:59,965 INFO 5470 [egg:core] dump config after ready, 3ms
2018-09-11 16:08:00,448 INFO 5474 [egg:logger] init all loggers with options: {"dir":"/Users/monkey/Desktop/emma/logs/emma","encoding":"utf8","env":"local","level":"INFO","consoleLevel":"INFO","disableConsoleAfterReady":false,"outputJSON":false,"buffer":true,"appLogName":"emma-web.log","coreLogName":"egg-web.log","agentLogName":"egg-agent.log","errorLogName":"common-error.log","coreLogger":{"consoleLevel":"WARN"},"allowDebugAtProd":false,"type":"application"}
2018-09-11 16:08:00,486 INFO 5474 [egg-schedule]: register schedule /Users/monkey/Desktop/emma/node_modules/_egg-logrotator@3.0.3@egg-logrotator/app/schedule/clean_log.js
2018-09-11 16:08:00,486 INFO 5474 [egg-schedule]: register schedule /Users/monkey/Desktop/emma/node_modules/_egg-logrotator@3.0.3@egg-logrotator/app/schedule/rotate_by_file.js
2018-09-11 16:08:00,532 INFO 5474 [egg-static] starting static serve /public/ -> /Users/monkey/Desktop/emma/app/public
2018-09-11 16:08:00,534 INFO 5474 [egg-security] use csrf middleware
2018-09-11 16:08:00,535 INFO 5474 [egg-security] use methodnoallow middleware
2018-09-11 16:08:00,535 INFO 5474 [egg-security] use noopen middleware
2018-09-11 16:08:00,535 INFO 5474 [egg-security] use nosniff middleware
2018-09-11 16:08:00,536 INFO 5474 [egg-security] use xssProtection middleware
2018-09-11 16:08:00,536 INFO 5474 [egg-security] use xframe middleware
2018-09-11 16:08:00,537 INFO 5474 [egg-security] use dta middleware
2018-09-11 16:08:00,537 INFO 5474 [egg-security] compose 7 middlewares into one security middleware
2018-09-11 16:08:00,546 INFO 5474 [egg:core] dump config after load, 7ms
2018-09-11 16:08:00,564 INFO 5474 [egg-watcher:app] watcher start success
2018-09-11 16:08:00,569 INFO 5474 [egg:core] dump config after ready, 3ms
2018-09-11 16:08:05,195 INFO 5482 [egg:logger] init all loggers with options: {"dir":"/Users/monkey/Desktop/emma/logs/emma","encoding":"utf8","env":"local","level":"INFO","consoleLevel":"INFO","disableConsoleAfterReady":false,"outputJSON":false,"buffer":true,"appLogName":"emma-web.log","coreLogName":"egg-web.log","agentLogName":"egg-agent.log","errorLogName":"common-error.log","coreLogger":{"consoleLevel":"WARN"},"allowDebugAtProd":false,"type":"application"}
2018-09-11 16:08:05,226 INFO 5482 [egg-schedule]: register schedule /Users/monkey/Desktop/emma/node_modules/_egg-logrotator@3.0.3@egg-logrotator/app/schedule/clean_log.js
2018-09-11 16:08:05,226 INFO 5482 [egg-schedule]: register schedule /Users/monkey/Desktop/emma/node_modules/_egg-logrotator@3.0.3@egg-logrotator/app/schedule/rotate_by_file.js
2018-09-11 16:08:05,262 INFO 5482 [egg-static] starting static serve /public/ -> /Users/monkey/Desktop/emma/app/public
2018-09-11 16:08:05,264 INFO 5482 [egg-security] use csrf middleware
2018-09-11 16:08:05,264 INFO 5482 [egg-security] use methodnoallow middleware
2018-09-11 16:08:05,265 INFO 5482 [egg-security] use noopen middleware
2018-09-11 16:08:05,265 INFO 5482 [egg-security] use nosniff middleware
2018-09-11 16:08:05,265 INFO 5482 [egg-security] use xssProtection middleware
2018-09-11 16:08:05,266 INFO 5482 [egg-security] use xframe middleware
2018-09-11 16:08:05,266 INFO 5482 [egg-security] use dta middleware
2018-09-11 16:08:05,266 INFO 5482 [egg-security] compose 7 middlewares into one security middleware
2018-09-11 16:08:05,273 INFO 5482 [egg:core] dump config after load, 5ms
2018-09-11 16:08:05,287 INFO 5482 [egg-watcher:app] watcher start success
2018-09-11 16:08:05,291 INFO 5482 [egg:core] dump config after ready, 3ms
2018-09-11 16:08:09,245 INFO 5490 [egg:logger] init all loggers with options: {"dir":"/Users/monkey/Desktop/emma/logs/emma","encoding":"utf8","env":"local","level":"INFO","consoleLevel":"INFO","disableConsoleAfterReady":false,"outputJSON":false,"buffer":true,"appLogName":"emma-web.log","coreLogName":"egg-web.log","agentLogName":"egg-agent.log","errorLogName":"common-error.log","coreLogger":{"consoleLevel":"WARN"},"allowDebugAtProd":false,"type":"application"}
2018-09-11 16:08:09,275 INFO 5490 [egg-schedule]: register schedule /Users/monkey/Desktop/emma/node_modules/_egg-logrotator@3.0.3@egg-logrotator/app/schedule/clean_log.js
2018-09-11 16:08:09,275 INFO 5490 [egg-schedule]: register schedule /Users/monkey/Desktop/emma/node_modules/_egg-logrotator@3.0.3@egg-logrotator/app/schedule/rotate_by_file.js
2018-09-11 16:08:09,312 INFO 5490 [egg-static] starting static serve /public/ -> /Users/monkey/Desktop/emma/app/public
2018-09-11 16:08:09,314 INFO 5490 [egg-security] use csrf middleware
2018-09-11 16:08:09,315 INFO 5490 [egg-security] use methodnoallow middleware
2018-09-11 16:08:09,315 INFO 5490 [egg-security] use noopen middleware
2018-09-11 16:08:09,315 INFO 5490 [egg-security] use nosniff middleware
2018-09-11 16:08:09,316 INFO 5490 [egg-security] use xssProtection middleware
2018-09-11 16:08:09,316 INFO 5490 [egg-security] use xframe middleware
2018-09-11 16:08:09,316 INFO 5490 [egg-security] use dta middleware
2018-09-11 16:08:09,316 INFO 5490 [egg-security] compose 7 middlewares into one security middleware
2018-09-11 16:08:09,323 INFO 5490 [egg:core] dump config after load, 5ms
2018-09-11 16:08:09,339 INFO 5490 [egg-watcher:app] watcher start success
2018-09-11 16:08:09,342 INFO 5490 [egg:core] dump config after ready, 2ms
2018-09-11 16:09:00,497 INFO 5510 [egg:logger] init all loggers with options: {"dir":"/Users/monkey/Desktop/emma/logs/emma","encoding":"utf8","env":"local","level":"INFO","consoleLevel":"INFO","disableConsoleAfterReady":false,"outputJSON":false,"buffer":true,"appLogName":"emma-web.log","coreLogName":"egg-web.log","agentLogName":"egg-agent.log","errorLogName":"common-error.log","coreLogger":{"consoleLevel":"WARN"},"allowDebugAtProd":false,"type":"application"}
2018-09-11 16:09:00,532 INFO 5510 [egg-schedule]: register schedule /Users/monkey/Desktop/emma/node_modules/_egg-logrotator@3.0.3@egg-logrotator/app/schedule/clean_log.js
2018-09-11 16:09:00,532 INFO 5510 [egg-schedule]: register schedule /Users/monkey/Desktop/emma/node_modules/_egg-logrotator@3.0.3@egg-logrotator/app/schedule/rotate_by_file.js
2018-09-11 16:09:00,578 INFO 5510 [egg-static] starting static serve /public/ -> /Users/monkey/Desktop/emma/app/public
2018-09-11 16:09:00,580 INFO 5510 [egg-security] use csrf middleware
2018-09-11 16:09:00,581 INFO 5510 [egg-security] use methodnoallow middleware
2018-09-11 16:09:00,581 INFO 5510 [egg-security] use noopen middleware
2018-09-11 16:09:00,581 INFO 5510 [egg-security] use nosniff middleware
2018-09-11 16:09:00,582 INFO 5510 [egg-security] use xssProtection middleware
2018-09-11 16:09:00,582 INFO 5510 [egg-security] use xframe middleware
2018-09-11 16:09:00,583 INFO 5510 [egg-security] use dta middleware
2018-09-11 16:09:00,583 INFO 5510 [egg-security] compose 7 middlewares into one security middleware
2018-09-11 16:09:00,590 INFO 5510 [egg:core] dump config after load, 5ms
2018-09-11 16:09:00,608 INFO 5510 [egg-watcher:app] watcher start success
2018-09-11 16:09:00,613 INFO 5510 [egg:core] dump config after ready, 4ms
2018-09-11 16:09:30,989 INFO 5530 [egg:logger] init all loggers with options: {"dir":"/Users/monkey/Desktop/emma/logs/emma","encoding":"utf8","env":"local","level":"INFO","consoleLevel":"INFO","disableConsoleAfterReady":false,"outputJSON":false,"buffer":true,"appLogName":"emma-web.log","coreLogName":"egg-web.log","agentLogName":"egg-agent.log","errorLogName":"common-error.log","coreLogger":{"consoleLevel":"WARN"},"allowDebugAtProd":false,"type":"application"}
2018-09-11 16:09:31,033 INFO 5530 [egg-schedule]: register schedule /Users/monkey/Desktop/emma/node_modules/_egg-logrotator@3.0.3@egg-logrotator/app/schedule/clean_log.js
2018-09-11 16:09:31,033 INFO 5530 [egg-schedule]: register schedule /Users/monkey/Desktop/emma/node_modules/_egg-logrotator@3.0.3@egg-logrotator/app/schedule/rotate_by_file.js
2018-09-11 16:09:31,105 INFO 5530 [egg-static] starting static serve /public/ -> /Users/monkey/Desktop/emma/app/public
2018-09-11 16:09:31,109 INFO 5530 [egg-security] use csrf middleware
2018-09-11 16:09:31,110 INFO 5530 [egg-security] use methodnoallow middleware
2018-09-11 16:09:31,111 INFO 5530 [egg-security] use noopen middleware
2018-09-11 16:09:31,112 INFO 5530 [egg-security] use nosniff middleware
2018-09-11 16:09:31,112 INFO 5530 [egg-security] use xssProtection middleware
2018-09-11 16:09:31,113 INFO 5530 [egg-security] use xframe middleware
2018-09-11 16:09:31,113 INFO 5530 [egg-security] use dta middleware
2018-09-11 16:09:31,113 INFO 5530 [egg-security] compose 7 middlewares into one security middleware
2018-09-11 16:09:31,123 INFO 5530 [egg:core] dump config after load, 7ms
2018-09-11 16:09:31,136 INFO 5530 [egg-watcher:app] watcher start success
2018-09-11 16:09:31,141 INFO 5530 [egg:core] dump config after ready, 3ms
2018-09-11 16:09:34,612 INFO 5540 [egg:logger] init all loggers with options: {"dir":"/Users/monkey/Desktop/emma/logs/emma","encoding":"utf8","env":"local","level":"INFO","consoleLevel":"INFO","disableConsoleAfterReady":false,"outputJSON":false,"buffer":true,"appLogName":"emma-web.log","coreLogName":"egg-web.log","agentLogName":"egg-agent.log","errorLogName":"common-error.log","coreLogger":{"consoleLevel":"WARN"},"allowDebugAtProd":false,"type":"application"}
2018-09-11 16:09:34,644 INFO 5540 [egg-schedule]: register schedule /Users/monkey/Desktop/emma/node_modules/_egg-logrotator@3.0.3@egg-logrotator/app/schedule/clean_log.js
2018-09-11 16:09:34,644 INFO 5540 [egg-schedule]: register schedule /Users/monkey/Desktop/emma/node_modules/_egg-logrotator@3.0.3@egg-logrotator/app/schedule/rotate_by_file.js
2018-09-11 16:09:34,682 INFO 5540 [egg-static] starting static serve /public/ -> /Users/monkey/Desktop/emma/app/public
2018-09-11 16:09:34,684 INFO 5540 [egg-security] use csrf middleware
2018-09-11 16:09:34,685 INFO 5540 [egg-security] use methodnoallow middleware
2018-09-11 16:09:34,685 INFO 5540 [egg-security] use noopen middleware
2018-09-11 16:09:34,686 INFO 5540 [egg-security] use nosniff middleware
2018-09-11 16:09:34,686 INFO 5540 [egg-security] use xssProtection middleware
2018-09-11 16:09:34,686 INFO 5540 [egg-security] use xframe middleware
2018-09-11 16:09:34,686 INFO 5540 [egg-security] use dta middleware
2018-09-11 16:09:34,686 INFO 5540 [egg-security] compose 7 middlewares into one security middleware
2018-09-11 16:09:34,694 INFO 5540 [egg:core] dump config after load, 6ms
2018-09-11 16:09:34,709 INFO 5540 [egg-watcher:app] watcher start success
2018-09-11 16:09:34,712 INFO 5540 [egg:core] dump config after ready, 2ms
2018-09-11 16:13:57,082 INFO 5605 [egg:logger] init all loggers with options: {"dir":"/Users/monkey/Desktop/emma/logs/emma","encoding":"utf8","env":"local","level":"INFO","consoleLevel":"INFO","disableConsoleAfterReady":false,"outputJSON":false,"buffer":true,"appLogName":"emma-web.log","coreLogName":"egg-web.log","agentLogName":"egg-agent.log","errorLogName":"common-error.log","coreLogger":{"consoleLevel":"WARN"},"allowDebugAtProd":false,"type":"application"}
2018-09-11 16:13:57,133 INFO 5605 [egg-schedule]: register schedule /Users/monkey/Desktop/emma/node_modules/_egg-logrotator@3.0.3@egg-logrotator/app/schedule/clean_log.js
2018-09-11 16:13:57,134 INFO 5605 [egg-schedule]: register schedule /Users/monkey/Desktop/emma/node_modules/_egg-logrotator@3.0.3@egg-logrotator/app/schedule/rotate_by_file.js
2018-09-11 16:13:57,225 INFO 5605 [egg-static] starting static serve /public/ -> /Users/monkey/Desktop/emma/app/public
2018-09-11 16:13:57,229 INFO 5605 [egg-security] use csrf middleware
2018-09-11 16:13:57,231 INFO 5605 [egg-security] use methodnoallow middleware
2018-09-11 16:13:57,232 INFO 5605 [egg-security] use noopen middleware
2018-09-11 16:13:57,233 INFO 5605 [egg-security] use nosniff middleware
2018-09-11 16:13:57,234 INFO 5605 [egg-security] use xssProtection middleware
2018-09-11 16:13:57,234 INFO 5605 [egg-security] use xframe middleware
2018-09-11 16:13:57,235 INFO 5605 [egg-security] use dta middleware
2018-09-11 16:13:57,235 INFO 5605 [egg-security] compose 7 middlewares into one security middleware
2018-09-11 16:13:57,246 INFO 5605 [egg:core] dump config after load, 7ms
2018-09-11 16:13:57,257 INFO 5605 [egg-watcher:app] watcher start success
2018-09-11 16:13:57,261 INFO 5605 [egg:core] dump config after ready, 3ms
2018-09-11 16:14:29,323 INFO 5626 [egg:logger] init all loggers with options: {"dir":"/Users/monkey/Desktop/emma/logs/emma","encoding":"utf8","env":"local","level":"INFO","consoleLevel":"INFO","disableConsoleAfterReady":false,"outputJSON":false,"buffer":true,"appLogName":"emma-web.log","coreLogName":"egg-web.log","agentLogName":"egg-agent.log","errorLogName":"common-error.log","coreLogger":{"consoleLevel":"WARN"},"allowDebugAtProd":false,"type":"application"}
2018-09-11 16:14:29,367 INFO 5626 [egg-schedule]: register schedule /Users/monkey/Desktop/emma/node_modules/_egg-logrotator@3.0.3@egg-logrotator/app/schedule/clean_log.js
2018-09-11 16:14:29,367 INFO 5626 [egg-schedule]: register schedule /Users/monkey/Desktop/emma/node_modules/_egg-logrotator@3.0.3@egg-logrotator/app/schedule/rotate_by_file.js
2018-09-11 16:14:29,447 INFO 5626 [egg-static] starting static serve /public/ -> /Users/monkey/Desktop/emma/app/public
2018-09-11 16:14:29,450 INFO 5626 [egg-security] use csrf middleware
2018-09-11 16:14:29,451 INFO 5626 [egg-security] use methodnoallow middleware
2018-09-11 16:14:29,452 INFO 5626 [egg-security] use noopen middleware
2018-09-11 16:14:29,453 INFO 5626 [egg-security] use nosniff middleware
2018-09-11 16:14:29,453 INFO 5626 [egg-security] use xssProtection middleware
2018-09-11 16:14:29,454 INFO 5626 [egg-security] use xframe middleware
2018-09-11 16:14:29,455 INFO 5626 [egg-security] use dta middleware
2018-09-11 16:14:29,455 INFO 5626 [egg-security] compose 7 middlewares into one security middleware
2018-09-11 16:14:29,466 INFO 5626 [egg:core] dump config after load, 8ms
2018-09-11 16:14:29,478 INFO 5626 [egg-watcher:app] watcher start success
2018-09-11 16:14:29,483 INFO 5626 [egg:core] dump config after ready, 3ms
2018-09-11 16:15:26,279 INFO 5643 [egg:logger] init all loggers with options: {"dir":"/Users/monkey/Desktop/emma/logs/emma","encoding":"utf8","env":"local","level":"INFO","consoleLevel":"INFO","disableConsoleAfterReady":false,"outputJSON":false,"buffer":true,"appLogName":"emma-web.log","coreLogName":"egg-web.log","agentLogName":"egg-agent.log","errorLogName":"common-error.log","coreLogger":{"consoleLevel":"WARN"},"allowDebugAtProd":false,"type":"application"}
2018-09-11 16:15:26,323 INFO 5643 [egg-schedule]: register schedule /Users/monkey/Desktop/emma/node_modules/_egg-logrotator@3.0.3@egg-logrotator/app/schedule/clean_log.js
2018-09-11 16:15:26,323 INFO 5643 [egg-schedule]: register schedule /Users/monkey/Desktop/emma/node_modules/_egg-logrotator@3.0.3@egg-logrotator/app/schedule/rotate_by_file.js
2018-09-11 16:15:26,400 INFO 5643 [egg-static] starting static serve /public/ -> /Users/monkey/Desktop/emma/app/public
2018-09-11 16:15:26,404 INFO 5643 [egg-security] use csrf middleware
2018-09-11 16:15:26,405 INFO 5643 [egg-security] use methodnoallow middleware
2018-09-11 16:15:26,406 INFO 5643 [egg-security] use noopen middleware
2018-09-11 16:15:26,407 INFO 5643 [egg-security] use nosniff middleware
2018-09-11 16:15:26,408 INFO 5643 [egg-security] use xssProtection middleware
2018-09-11 16:15:26,408 INFO 5643 [egg-security] use xframe middleware
2018-09-11 16:15:26,409 INFO 5643 [egg-security] use dta middleware
2018-09-11 16:15:26,409 INFO 5643 [egg-security] compose 7 middlewares into one security middleware
2018-09-11 16:15:26,426 INFO 5643 [egg:core] dump config after load, 10ms
2018-09-11 16:15:26,443 INFO 5643 [egg-watcher:app] watcher start success
2018-09-11 16:15:26,447 INFO 5643 [egg:core] dump config after ready, 2ms
